<?xml version="1.0" encoding="UTF-8"?>
<!-- Generated by org.testng.reporters.JUnitXMLReporter -->
<testsuite ignored="0" hostname="DESKTOP-3AQOOAD" failures="0" tests="6" name="Default test" time="31.945" errors="0" timestamp="2022-06-27T12:29:10 IST">
  <testcase classname="assignmentonkiteloginpage.Assignmenttestclass" name="Testcase1" time="1.628"/>
  <testcase classname="assignmentonkiteloginpage.Assignmenttestclass" name="Testcase2" time="2.897"/>
  <testcase classname="assignmentonkiteloginpage.Assignmenttestclass" name="testcase4" time="3.193"/>
  <testcase classname="assignmentonkiteloginpage.Assignmenttestclass" name="testcase5" time="0.718"/>
  <testcase classname="assignmentonkiteloginpage.Assignmenttestclass" name="Testcase3" time="3.74"/>
  <testcase classname="assignmentonkiteloginpage.Assignmenttestclass" name="Testcase6" time="3.943"/>
</testsuite> <!-- Default test -->
