<?xml version="1.0" encoding="UTF-8"?>
<!-- Generated by org.testng.reporters.JUnitXMLReporter -->
<testsuite ignored="9" hostname="DESKTOP-3AQOOAD" failures="0" tests="1" name="Test" time="0.103" errors="0" timestamp="2022-06-17T10:51:35 IST">
  <testcase classname="groupingtestNG.Test2" name="s" time="0.016"/>
  <testcase classname="groupingtestNG.Test2" name="t" time="0.0">
    <ignored/>
  </testcase> <!-- t -->
  <testcase classname="groupingtestNG.Test2" name="q" time="0.0">
    <ignored/>
  </testcase> <!-- q -->
  <testcase classname="groupingtestNG.Test2" name="r" time="0.0">
    <ignored/>
  </testcase> <!-- r -->
  <testcase classname="groupingtestNG.Test1" name="t" time="0.0">
    <ignored/>
  </testcase> <!-- t -->
  <testcase classname="groupingtestNG.Test1" name="s" time="0.0">
    <ignored/>
  </testcase> <!-- s -->
  <testcase classname="groupingtestNG.Test1" name="p" time="0.0">
    <ignored/>
  </testcase> <!-- p -->
  <testcase classname="groupingtestNG.Test2" name="p" time="0.0">
    <ignored/>
  </testcase> <!-- p -->
  <testcase classname="groupingtestNG.Test1" name="r" time="0.0">
    <ignored/>
  </testcase> <!-- r -->
  <testcase classname="groupingtestNG.Test1" name="q" time="0.0">
    <ignored/>
  </testcase> <!-- q -->
</testsuite> <!-- Test -->
