<?xml version="1.0" encoding="UTF-8"?>
<!-- Generated by org.testng.reporters.JUnitXMLReporter -->
<testsuite ignored="4" hostname="DESKTOP-3AQOOAD" failures="0" tests="1" name="Test(failed)" time="0.292" errors="0" timestamp="2022-06-14T14:20:55 IST">
  <testcase classname="keywordstestng.Timeout" name="p" time="0.139"/>
  <testcase classname="keywordstestng.Timeout" name="r" time="0.0">
    <ignored/>
  </testcase> <!-- r -->
  <testcase classname="keywordstestng.Timeout" name="q" time="0.0">
    <ignored/>
  </testcase> <!-- q -->
  <testcase classname="keywordstestng.Timeout" name="t" time="0.0">
    <ignored/>
  </testcase> <!-- t -->
  <testcase classname="keywordstestng.Timeout" name="s" time="0.0">
    <ignored/>
  </testcase> <!-- s -->
</testsuite> <!-- Test(failed) -->
