<?xml version="1.0" encoding="UTF-8"?>
<testng-results ignored="0" total="6" passed="6" failed="0" skipped="0">
  <reporter-output>
    <line>
      <![CDATA[userid errormsg is  showing ]]>
    </line>
    <line>
      <![CDATA[password errormsg is  showing ]]>
    </line>
    <line>
      <![CDATA[password errormsg is  showing ]]>
    </line>
    <line>
      <![CDATA[invalid userid and password msg showing]]>
    </line>
    <line>
      <![CDATA[invalid userid and password msg showing]]>
    </line>
    <line>
      <![CDATA[userid errormsg is  showing ]]>
    </line>
    <line>
      <![CDATA[login and going forward to pinpage]]>
    </line>
  </reporter-output>
  <suite started-at="2022-06-27T12:28:38 IST" name="Default suite" finished-at="2022-06-27T12:29:10 IST" duration-ms="31945">
    <groups>
    </groups>
    <test started-at="2022-06-27T12:28:38 IST" name="Default test" finished-at="2022-06-27T12:29:10 IST" duration-ms="31945">
      <class name="assignmentonkiteloginpage.Assignmenttestclass">
        <test-method is-config="true" signature="LaunchBrawser()[pri:0, instance:assignmentonkiteloginpage.Assignmenttestclass@70e9c95d]" started-at="2022-06-27T12:28:38 IST" name="LaunchBrawser" finished-at="2022-06-27T12:28:54 IST" duration-ms="15635" status="PASS">
          <reporter-output>
          </reporter-output>
        </test-method> <!-- LaunchBrawser -->
        <test-method signature="Testcase1()[pri:1, instance:assignmentonkiteloginpage.Assignmenttestclass@70e9c95d]" started-at="2022-06-27T12:28:54 IST" name="Testcase1" finished-at="2022-06-27T12:28:56 IST" duration-ms="1628" status="PASS">
          <reporter-output>
            <line>
              <![CDATA[userid errormsg is  showing ]]>
            </line>
            <line>
              <![CDATA[password errormsg is  showing ]]>
            </line>
          </reporter-output>
        </test-method> <!-- Testcase1 -->
        <test-method signature="Testcase2()[pri:2, instance:assignmentonkiteloginpage.Assignmenttestclass@70e9c95d]" started-at="2022-06-27T12:28:56 IST" name="Testcase2" finished-at="2022-06-27T12:28:59 IST" duration-ms="2897" status="PASS">
          <reporter-output>
            <line>
              <![CDATA[password errormsg is  showing ]]>
            </line>
          </reporter-output>
        </test-method> <!-- Testcase2 -->
        <test-method signature="testcase4()[pri:3, instance:assignmentonkiteloginpage.Assignmenttestclass@70e9c95d]" started-at="2022-06-27T12:28:59 IST" name="testcase4" finished-at="2022-06-27T12:29:02 IST" duration-ms="3193" status="PASS">
          <reporter-output>
            <line>
              <![CDATA[invalid userid and password msg showing]]>
            </line>
          </reporter-output>
        </test-method> <!-- testcase4 -->
        <test-method signature="testcase5()[pri:4, instance:assignmentonkiteloginpage.Assignmenttestclass@70e9c95d]" started-at="2022-06-27T12:29:02 IST" name="testcase5" finished-at="2022-06-27T12:29:03 IST" duration-ms="718" status="PASS">
          <reporter-output>
            <line>
              <![CDATA[invalid userid and password msg showing]]>
            </line>
          </reporter-output>
        </test-method> <!-- testcase5 -->
        <test-method signature="Testcase3()[pri:5, instance:assignmentonkiteloginpage.Assignmenttestclass@70e9c95d]" started-at="2022-06-27T12:29:03 IST" name="Testcase3" finished-at="2022-06-27T12:29:06 IST" duration-ms="3740" status="PASS">
          <reporter-output>
            <line>
              <![CDATA[userid errormsg is  showing ]]>
            </line>
          </reporter-output>
        </test-method> <!-- Testcase3 -->
        <test-method signature="Testcase6()[pri:6, instance:assignmentonkiteloginpage.Assignmenttestclass@70e9c95d]" started-at="2022-06-27T12:29:06 IST" name="Testcase6" finished-at="2022-06-27T12:29:10 IST" duration-ms="3943" status="PASS">
          <reporter-output>
            <line>
              <![CDATA[login and going forward to pinpage]]>
            </line>
          </reporter-output>
        </test-method> <!-- Testcase6 -->
      </class> <!-- assignmentonkiteloginpage.Assignmenttestclass -->
    </test> <!-- Default test -->
  </suite> <!-- Default suite -->
</testng-results>
